<?xml version="1.0" encoding="UTF-8" ?>
<testsuite tests="1" failures="0" name="com.xinsheng.o2o.dao.AreaDaoTest" time="0.004" errors="1" skipped="0">
  <properties>
    <property name="idea.version" value="2020.3.4"/>
    <property name="java.runtime.name" value="Java(TM) SE Runtime Environment"/>
    <property name="sun.boot.library.path" value="C:\Program Files\Java\jdk1.8.0_191\jre\bin"/>
    <property name="java.vm.version" value="25.191-b12"/>
    <property name="java.vm.vendor" value="Oracle Corporation"/>
    <property name="maven.multiModuleProjectDirectory" value="E:\ssm\o2o"/>
    <property name="java.vendor.url" value="http://java.oracle.com/"/>
    <property name="path.separator" value=";"/>
    <property name="guice.disable.misplaced.annotation.check" value="true"/>
    <property name="java.vm.name" value="Java HotSpot(TM) 64-Bit Server VM"/>
    <property name="file.encoding.pkg" value="sun.io"/>
    <property name="user.script" value=""/>
    <property name="user.country" value="CN"/>
    <property name="sun.java.launcher" value="SUN_STANDARD"/>
    <property name="sun.os.patch.level" value=""/>
    <property name="java.vm.specification.name" value="Java Virtual Machine Specification"/>
    <property name="user.dir" value="E:\ssm\o2o"/>
    <property name="java.runtime.version" value="1.8.0_191-b12"/>
    <property name="java.awt.graphicsenv" value="sun.awt.Win32GraphicsEnvironment"/>
    <property name="java.endorsed.dirs" value="C:\Program Files\Java\jdk1.8.0_191\jre\lib\endorsed"/>
    <property name="os.arch" value="amd64"/>
    <property name="java.io.tmpdir" value="C:\Users\86156\AppData\Local\Temp\"/>
    <property name="line.separator" value="
"/>
    <property name="java.vm.specification.vendor" value="Oracle Corporation"/>
    <property name="user.variant" value=""/>
    <property name="os.name" value="Windows 10"/>
    <property name="maven.ext.class.path" value="D:\IntelliJ IDEA 2020.3.2\plugins\maven\lib\maven-event-listener.jar"/>
    <property name="classworlds.conf" value="C:\Program Files\apache-maven-3.6.3\bin\m2.conf"/>
    <property name="sun.jnu.encoding" value="GBK"/>
    <property name="java.library.path" value="C:\Program Files\Java\jdk1.8.0_191\bin;C:\WINDOWS\Sun\Java\bin;C:\WINDOWS\system32;C:\WINDOWS;D:\VMware\bin\;C:\Program Files\Java\jdk1.8.0_191\bin;%M2_HOME%\bin;D:\SDK\tools;&quot;;D:\SDK\platform-tools&quot;;C:\WINDOWS\system32;C:\WINDOWS;C:\WINDOWS\system32\Wbem;D:\Git\cmd;C:\WINDOWS\System32\Wbem;C:\WINDOWS\System32\WindowsPowerShell\v1.0\;C:\WINDOWS\System32\OpenSSH\;D:\node\;D:\yarn\bin\;C:\Program Files (x86)\dotnet\;C:\Program Files\dotnet\;D:\xftp\;D:\sqlite;&quot;;D:\go1.17.3.windows-386\go\bin&quot;;C:\Program Files\NVIDIA Corporation\NVIDIA NvDLISR;C:\Program Files\apache-maven-3.6.3\bin;D:\apache-tomcat-9.0.40\bin;D:\Xshell\;D:\pandoc\;D:\TortoiseGit\bin;D:\Python3.7.7\Scripts\;D:\Python3.7.7\;D:\Python3.10.0\Scripts\;D:\Python3.10.0\;C:\Users\86156\AppData\Local\Microsoft\WindowsApps;C:\Program Files\Bandizip\;C:\Users\86156\AppData\Local\GitHubDesktop\bin;D:\IntelliJ IDEA 2020.3.2\bin;;C:\Users\86156\AppData\Roaming\npm;C:\Users\86156\AppData\Local\Yarn\bin;D:\PyCharm Community Edition 2021.2.3\bin;;D:\GoLand 2021.2.4\bin;;%M2_HOME%\bin;C:\Program Files\apache-maven-3.6.3\bin;;D:\Microsoft VS Code1.65\bin;."/>
    <property name="maven.conf" value="C:\Program Files\apache-maven-3.6.3/conf"/>
    <property name="java.specification.name" value="Java Platform API Specification"/>
    <property name="java.class.version" value="52.0"/>
    <property name="sun.management.compiler" value="HotSpot 64-Bit Tiered Compilers"/>
    <property name="os.version" value="10.0"/>
    <property name="user.home" value="C:\Users\86156"/>
    <property name="user.timezone" value="GMT+08:00"/>
    <property name="java.awt.printerjob" value="sun.awt.windows.WPrinterJob"/>
    <property name="java.specification.version" value="1.8"/>
    <property name="file.encoding" value="UTF-8"/>
    <property name="user.name" value="86156"/>
    <property name="java.class.path" value="C:\Program Files\apache-maven-3.6.3\boot\plexus-classworlds-2.6.0.jar;C:\Program Files\apache-maven-3.6.3\boot\plexus-classworlds.license;D:\IntelliJ IDEA 2020.3.2\lib\idea_rt.jar"/>
    <property name="java.vm.specification.version" value="1.8"/>
    <property name="sun.arch.data.model" value="64"/>
    <property name="java.home" value="C:\Program Files\Java\jdk1.8.0_191\jre"/>
    <property name="sun.java.command" value="org.codehaus.classworlds.Launcher -Didea.version=2020.3.4 install"/>
    <property name="java.specification.vendor" value="Oracle Corporation"/>
    <property name="user.language" value="zh"/>
    <property name="awt.toolkit" value="sun.awt.windows.WToolkit"/>
    <property name="java.vm.info" value="mixed mode"/>
    <property name="java.version" value="1.8.0_191"/>
    <property name="java.ext.dirs" value="C:\Program Files\Java\jdk1.8.0_191\jre\lib\ext;C:\WINDOWS\Sun\Java\lib\ext"/>
    <property name="sun.boot.class.path" value="C:\Program Files\Java\jdk1.8.0_191\jre\lib\resources.jar;C:\Program Files\Java\jdk1.8.0_191\jre\lib\rt.jar;C:\Program Files\Java\jdk1.8.0_191\jre\lib\sunrsasign.jar;C:\Program Files\Java\jdk1.8.0_191\jre\lib\jsse.jar;C:\Program Files\Java\jdk1.8.0_191\jre\lib\jce.jar;C:\Program Files\Java\jdk1.8.0_191\jre\lib\charsets.jar;C:\Program Files\Java\jdk1.8.0_191\jre\lib\jfr.jar;C:\Program Files\Java\jdk1.8.0_191\jre\classes"/>
    <property name="java.vendor" value="Oracle Corporation"/>
    <property name="maven.home" value="C:\Program Files\apache-maven-3.6.3"/>
    <property name="file.separator" value="\"/>
    <property name="java.vendor.url.bug" value="http://bugreport.sun.com/bugreport/"/>
    <property name="sun.cpu.endian" value="little"/>
    <property name="sun.io.unicode.encoding" value="UnicodeLittle"/>
    <property name="sun.desktop" value="windows"/>
    <property name="sun.cpu.isalist" value="amd64"/>
  </properties>
  <testcase classname="com.xinsheng.o2o.dao.AreaDaoTest" name="testQueryArea" time="0.004">
    <error message="Invalid bound statement (not found): com.xinsheng.o2o.dao.AreaDao.queryArea" type="org.apache.ibatis.binding.BindingException">org.apache.ibatis.binding.BindingException: Invalid bound statement (not found): com.xinsheng.o2o.dao.AreaDao.queryArea
	at org.apache.ibatis.binding.MapperMethod$SqlCommand.&lt;init&gt;(MapperMethod.java:230)
	at org.apache.ibatis.binding.MapperMethod.&lt;init&gt;(MapperMethod.java:48)
	at org.apache.ibatis.binding.MapperProxy.cachedMapperMethod(MapperProxy.java:65)
	at org.apache.ibatis.binding.MapperProxy.invoke(MapperProxy.java:58)
	at com.sun.proxy.$Proxy17.queryArea(Unknown Source)
	at com.xinsheng.o2o.dao.AreaDaoTest.testQueryArea(AreaDaoTest.java:19)
	at sun.reflect.NativeMethodAccessorImpl.invoke0(Native Method)
	at sun.reflect.NativeMethodAccessorImpl.invoke(NativeMethodAccessorImpl.java:62)
	at sun.reflect.DelegatingMethodAccessorImpl.invoke(DelegatingMethodAccessorImpl.java:43)
	at java.lang.reflect.Method.invoke(Method.java:498)
	at org.junit.runners.model.FrameworkMethod$1.runReflectiveCall(FrameworkMethod.java:50)
	at org.junit.internal.runners.model.ReflectiveCallable.run(ReflectiveCallable.java:12)
	at org.junit.runners.model.FrameworkMethod.invokeExplosively(FrameworkMethod.java:47)
	at org.junit.internal.runners.statements.InvokeMethod.evaluate(InvokeMethod.java:17)
	at org.springframework.test.context.junit4.statements.RunBeforeTestMethodCallbacks.evaluate(RunBeforeTestMethodCallbacks.java:75)
	at org.springframework.test.context.junit4.statements.RunAfterTestMethodCallbacks.evaluate(RunAfterTestMethodCallbacks.java:86)
	at org.springframework.test.context.junit4.statements.SpringRepeat.evaluate(SpringRepeat.java:84)
	at org.junit.runners.ParentRunner.runLeaf(ParentRunner.java:325)
	at org.springframework.test.context.junit4.SpringJUnit4ClassRunner.runChild(SpringJUnit4ClassRunner.java:252)
	at org.springframework.test.context.junit4.SpringJUnit4ClassRunner.runChild(SpringJUnit4ClassRunner.java:94)
	at org.junit.runners.ParentRunner$3.run(ParentRunner.java:290)
	at org.junit.runners.ParentRunner$1.schedule(ParentRunner.java:71)
	at org.junit.runners.ParentRunner.runChildren(ParentRunner.java:288)
	at org.junit.runners.ParentRunner.access$000(ParentRunner.java:58)
	at org.junit.runners.ParentRunner$2.evaluate(ParentRunner.java:268)
	at org.springframework.test.context.junit4.statements.RunBeforeTestClassCallbacks.evaluate(RunBeforeTestClassCallbacks.java:61)
	at org.springframework.test.context.junit4.statements.RunAfterTestClassCallbacks.evaluate(RunAfterTestClassCallbacks.java:70)
	at org.junit.runners.ParentRunner.run(ParentRunner.java:363)
	at org.springframework.test.context.junit4.SpringJUnit4ClassRunner.run(SpringJUnit4ClassRunner.java:191)
	at org.apache.maven.surefire.junit4.JUnit4Provider.execute(JUnit4Provider.java:252)
	at org.apache.maven.surefire.junit4.JUnit4Provider.executeTestSet(JUnit4Provider.java:141)
	at org.apache.maven.surefire.junit4.JUnit4Provider.invoke(JUnit4Provider.java:112)
	at sun.reflect.NativeMethodAccessorImpl.invoke0(Native Method)
	at sun.reflect.NativeMethodAccessorImpl.invoke(NativeMethodAccessorImpl.java:62)
	at sun.reflect.DelegatingMethodAccessorImpl.invoke(DelegatingMethodAccessorImpl.java:43)
	at java.lang.reflect.Method.invoke(Method.java:498)
	at org.apache.maven.surefire.util.ReflectionUtils.invokeMethodWithArray(ReflectionUtils.java:189)
	at org.apache.maven.surefire.booter.ProviderFactory$ProviderProxy.invoke(ProviderFactory.java:165)
	at org.apache.maven.surefire.booter.ProviderFactory.invokeProvider(ProviderFactory.java:85)
	at org.apache.maven.surefire.booter.ForkedBooter.runSuitesInProcess(ForkedBooter.java:115)
	at org.apache.maven.surefire.booter.ForkedBooter.main(ForkedBooter.java:75)
</error>
    <system-out>08:56:36.572 [main] DEBUG org.apache.ibatis.logging.LogFactory - Logging initialized using &apos;class org.apache.ibatis.logging.slf4j.Slf4jImpl&apos; adapter.
08:56:36.626 [main] DEBUG org.apache.ibatis.io.VFS - Class not found: org.jboss.vfs.VFS
08:56:36.626 [main] DEBUG org.apache.ibatis.io.JBoss6VFS - JBoss 6 VFS API is not available in this environment.
08:56:36.627 [main] DEBUG org.apache.ibatis.io.VFS - Class not found: org.jboss.vfs.VirtualFile
08:56:36.627 [main] DEBUG org.apache.ibatis.io.VFS - VFS implementation org.apache.ibatis.io.JBoss6VFS is not valid in this environment.
08:56:36.628 [main] DEBUG org.apache.ibatis.io.VFS - Using VFS adapter org.apache.ibatis.io.DefaultVFS
08:56:36.628 [main] DEBUG org.apache.ibatis.io.DefaultVFS - Find JAR URL: file:/E:/ssm/o2o/target/classes/com/xinsheng/o2o/entity
08:56:36.628 [main] DEBUG org.apache.ibatis.io.DefaultVFS - Not a JAR: file:/E:/ssm/o2o/target/classes/com/xinsheng/o2o/entity
08:56:36.660 [main] DEBUG org.apache.ibatis.io.DefaultVFS - Reader entry: Area.class
08:56:36.660 [main] DEBUG org.apache.ibatis.io.DefaultVFS - Reader entry: HeadLine.class
08:56:36.661 [main] DEBUG org.apache.ibatis.io.DefaultVFS - Reader entry: LocalAuth.class
08:56:36.661 [main] DEBUG org.apache.ibatis.io.DefaultVFS - Reader entry: PersonInfo.class
08:56:36.661 [main] DEBUG org.apache.ibatis.io.DefaultVFS - Reader entry: Product.class
08:56:36.661 [main] DEBUG org.apache.ibatis.io.DefaultVFS - Reader entry: ProductCategory.class
08:56:36.662 [main] DEBUG org.apache.ibatis.io.DefaultVFS - Reader entry: ProductImg.class
08:56:36.662 [main] DEBUG org.apache.ibatis.io.DefaultVFS - Reader entry: Shop.class
08:56:36.662 [main] DEBUG org.apache.ibatis.io.DefaultVFS - Reader entry: ShopCategory.class
08:56:36.662 [main] DEBUG org.apache.ibatis.io.DefaultVFS - Reader entry: WechatAuth.class
08:56:36.663 [main] DEBUG org.apache.ibatis.io.DefaultVFS - Listing file:/E:/ssm/o2o/target/classes/com/xinsheng/o2o/entity
08:56:36.663 [main] DEBUG org.apache.ibatis.io.DefaultVFS - Find JAR URL: file:/E:/ssm/o2o/target/classes/com/xinsheng/o2o/entity/Area.class
08:56:36.663 [main] DEBUG org.apache.ibatis.io.DefaultVFS - Not a JAR: file:/E:/ssm/o2o/target/classes/com/xinsheng/o2o/entity/Area.class
08:56:36.664 [main] DEBUG org.apache.ibatis.io.DefaultVFS - Reader entry: ����&amp;#0;&amp;#0;&amp;#0;4&amp;#0;2
08:56:36.664 [main] DEBUG org.apache.ibatis.io.DefaultVFS - Find JAR URL: file:/E:/ssm/o2o/target/classes/com/xinsheng/o2o/entity/HeadLine.class
08:56:36.664 [main] DEBUG org.apache.ibatis.io.DefaultVFS - Not a JAR: file:/E:/ssm/o2o/target/classes/com/xinsheng/o2o/entity/HeadLine.class
08:56:36.665 [main] DEBUG org.apache.ibatis.io.DefaultVFS - Reader entry: ����&amp;#0;&amp;#0;&amp;#0;4&amp;#0;D
08:56:36.665 [main] DEBUG org.apache.ibatis.io.DefaultVFS - Find JAR URL: file:/E:/ssm/o2o/target/classes/com/xinsheng/o2o/entity/LocalAuth.class
08:56:36.665 [main] DEBUG org.apache.ibatis.io.DefaultVFS - Not a JAR: file:/E:/ssm/o2o/target/classes/com/xinsheng/o2o/entity/LocalAuth.class
08:56:36.665 [main] DEBUG org.apache.ibatis.io.DefaultVFS - Reader entry: ����&amp;#0;&amp;#0;&amp;#0;4&amp;#0;:
08:56:36.666 [main] DEBUG org.apache.ibatis.io.DefaultVFS - Find JAR URL: file:/E:/ssm/o2o/target/classes/com/xinsheng/o2o/entity/PersonInfo.class
08:56:36.666 [main] DEBUG org.apache.ibatis.io.DefaultVFS - Not a JAR: file:/E:/ssm/o2o/target/classes/com/xinsheng/o2o/entity/PersonInfo.class
08:56:36.666 [main] DEBUG org.apache.ibatis.io.DefaultVFS - Reader entry: ����&amp;#0;&amp;#0;&amp;#0;4&amp;#0;I
08:56:36.667 [main] DEBUG org.apache.ibatis.io.DefaultVFS - Find JAR URL: file:/E:/ssm/o2o/target/classes/com/xinsheng/o2o/entity/Product.class
08:56:36.667 [main] DEBUG org.apache.ibatis.io.DefaultVFS - Not a JAR: file:/E:/ssm/o2o/target/classes/com/xinsheng/o2o/entity/Product.class
08:56:36.668 [main] DEBUG org.apache.ibatis.io.DefaultVFS - Reader entry: ����&amp;#0;&amp;#0;&amp;#0;4&amp;#0;k
08:56:36.669 [main] DEBUG org.apache.ibatis.io.DefaultVFS - Find JAR URL: file:/E:/ssm/o2o/target/classes/com/xinsheng/o2o/entity/ProductCategory.class
08:56:36.670 [main] DEBUG org.apache.ibatis.io.DefaultVFS - Not a JAR: file:/E:/ssm/o2o/target/classes/com/xinsheng/o2o/entity/ProductCategory.class
08:56:36.671 [main] DEBUG org.apache.ibatis.io.DefaultVFS - Reader entry: ����&amp;#0;&amp;#0;&amp;#0;4&amp;#0;5
08:56:36.671 [main] DEBUG org.apache.ibatis.io.DefaultVFS - Find JAR URL: file:/E:/ssm/o2o/target/classes/com/xinsheng/o2o/entity/ProductImg.class
08:56:36.672 [main] DEBUG org.apache.ibatis.io.DefaultVFS - Not a JAR: file:/E:/ssm/o2o/target/classes/com/xinsheng/o2o/entity/ProductImg.class
08:56:36.672 [main] DEBUG org.apache.ibatis.io.DefaultVFS - Reader entry: ����&amp;#0;&amp;#0;&amp;#0;4&amp;#0;:
08:56:36.672 [main] DEBUG org.apache.ibatis.io.DefaultVFS - Find JAR URL: file:/E:/ssm/o2o/target/classes/com/xinsheng/o2o/entity/Shop.class
08:56:36.672 [main] DEBUG org.apache.ibatis.io.DefaultVFS - Not a JAR: file:/E:/ssm/o2o/target/classes/com/xinsheng/o2o/entity/Shop.class
08:56:36.673 [main] DEBUG org.apache.ibatis.io.DefaultVFS - Reader entry: ����&amp;#0;&amp;#0;&amp;#0;4&amp;#0;k
08:56:36.673 [main] DEBUG org.apache.ibatis.io.DefaultVFS - Find JAR URL: file:/E:/ssm/o2o/target/classes/com/xinsheng/o2o/entity/ShopCategory.class
08:56:36.673 [main] DEBUG org.apache.ibatis.io.DefaultVFS - Not a JAR: file:/E:/ssm/o2o/target/classes/com/xinsheng/o2o/entity/ShopCategory.class
08:56:36.674 [main] DEBUG org.apache.ibatis.io.DefaultVFS - Reader entry: ����&amp;#0;&amp;#0;&amp;#0;4&amp;#0;F
08:56:36.674 [main] DEBUG org.apache.ibatis.io.DefaultVFS - Find JAR URL: file:/E:/ssm/o2o/target/classes/com/xinsheng/o2o/entity/WechatAuth.class
08:56:36.674 [main] DEBUG org.apache.ibatis.io.DefaultVFS - Not a JAR: file:/E:/ssm/o2o/target/classes/com/xinsheng/o2o/entity/WechatAuth.class
08:56:36.675 [main] DEBUG org.apache.ibatis.io.DefaultVFS - Reader entry: ����&amp;#0;&amp;#0;&amp;#0;4&amp;#0;0
08:56:36.675 [main] DEBUG org.apache.ibatis.io.ResolverUtil - Checking to see if class com.xinsheng.o2o.entity.Area matches criteria [is assignable to Object]
08:56:36.676 [main] DEBUG org.apache.ibatis.io.ResolverUtil - Checking to see if class com.xinsheng.o2o.entity.HeadLine matches criteria [is assignable to Object]
08:56:36.677 [main] DEBUG org.apache.ibatis.io.ResolverUtil - Checking to see if class com.xinsheng.o2o.entity.LocalAuth matches criteria [is assignable to Object]
08:56:36.677 [main] DEBUG org.apache.ibatis.io.ResolverUtil - Checking to see if class com.xinsheng.o2o.entity.PersonInfo matches criteria [is assignable to Object]
08:56:36.678 [main] DEBUG org.apache.ibatis.io.ResolverUtil - Checking to see if class com.xinsheng.o2o.entity.Product matches criteria [is assignable to Object]
08:56:36.680 [main] DEBUG org.apache.ibatis.io.ResolverUtil - Checking to see if class com.xinsheng.o2o.entity.ProductCategory matches criteria [is assignable to Object]
08:56:36.680 [main] DEBUG org.apache.ibatis.io.ResolverUtil - Checking to see if class com.xinsheng.o2o.entity.ProductImg matches criteria [is assignable to Object]
08:56:36.681 [main] DEBUG org.apache.ibatis.io.ResolverUtil - Checking to see if class com.xinsheng.o2o.entity.Shop matches criteria [is assignable to Object]
08:56:36.682 [main] DEBUG org.apache.ibatis.io.ResolverUtil - Checking to see if class com.xinsheng.o2o.entity.ShopCategory matches criteria [is assignable to Object]
08:56:36.682 [main] DEBUG org.apache.ibatis.io.ResolverUtil - Checking to see if class com.xinsheng.o2o.entity.WechatAuth matches criteria [is assignable to Object]
08:56:36.683 [main] DEBUG org.mybatis.spring.SqlSessionFactoryBean - Scanned package: &apos;com.xinsheng.o2o.entity&apos; for aliases
Logging initialized using &apos;class org.apache.ibatis.logging.stdout.StdOutImpl&apos; adapter.
08:56:36.713 [main] DEBUG org.mybatis.spring.SqlSessionFactoryBean - Parsed configuration file: &apos;class path resource [mybatis-config.xml]&apos;
08:56:36.764 [main] DEBUG org.mybatis.spring.SqlSessionFactoryBean - Parsed mapper file: &apos;file [E:\ssm\o2o\target\classes\mapper\AreaDao.xml]&apos;
</system-out>
    <system-err>ʮ�� 27, 2022 8:56:35 ���� org.springframework.test.context.support.DefaultTestContextBootstrapper getDefaultTestExecutionListenerClassNames
��Ϣ: Loaded default TestExecutionListener class names from location [META-INF/spring.factories]: [org.springframework.test.context.web.ServletTestExecutionListener, org.springframework.test.context.support.DirtiesContextBeforeModesTestExecutionListener, org.springframework.test.context.support.DependencyInjectionTestExecutionListener, org.springframework.test.context.support.DirtiesContextTestExecutionListener, org.springframework.test.context.transaction.TransactionalTestExecutionListener, org.springframework.test.context.jdbc.SqlScriptsTestExecutionListener]
ʮ�� 27, 2022 8:56:35 ���� org.springframework.test.context.support.DefaultTestContextBootstrapper getTestExecutionListeners
��Ϣ: Using TestExecutionListeners: [org.springframework.test.context.web.ServletTestExecutionListener@5034c75a, org.springframework.test.context.support.DirtiesContextBeforeModesTestExecutionListener@396a51ab, org.springframework.test.context.support.DependencyInjectionTestExecutionListener@51081592, org.springframework.test.context.support.DirtiesContextTestExecutionListener@7f9a81e8, org.springframework.test.context.transaction.TransactionalTestExecutionListener@9629756, org.springframework.test.context.jdbc.SqlScriptsTestExecutionListener@62ee68d8]
ʮ�� 27, 2022 8:56:35 ���� org.springframework.beans.factory.xml.XmlBeanDefinitionReader loadBeanDefinitions
��Ϣ: Loading XML bean definitions from class path resource [spring/spring-dao.xml]
ʮ�� 27, 2022 8:56:35 ���� org.springframework.context.support.GenericApplicationContext prepareRefresh
��Ϣ: Refreshing org.springframework.context.support.GenericApplicationContext@4667ae56: startup date [Thu Oct 27 08:56:35 GMT+08:00 2022]; root of context hierarchy
ʮ�� 27, 2022 8:56:35 ���� com.mchange.v2.log.MLog &lt;clinit&gt;
��Ϣ: MLog clients using java 1.4+ standard logging.
ʮ�� 27, 2022 8:56:36 ���� com.mchange.v2.c3p0.C3P0Registry banner
��Ϣ: Initializing c3p0-0.9.1.2 [built 21-May-2007 15:04:56; debug? true; trace: 10]
</system-err>
  </testcase>
</testsuite>